  [1m[36m (63.2ms)[0m  [1mCREATE TABLE "schema_migrations" ("version" character varying NOT NULL) [0m
  [1m[35m (2.4ms)[0m  CREATE UNIQUE INDEX  "unique_schema_migrations" ON "schema_migrations"  ("version")
  [1m[36mActiveRecord::SchemaMigration Load (0.5ms)[0m  [1mSELECT "schema_migrations".* FROM "schema_migrations"[0m
Migrating to CreateProducts (20150526201456)
  [1m[35m (6.6ms)[0m  BEGIN
  [1m[36m (13.3ms)[0m  [1mCREATE TABLE "products" ("id" serial primary key, "image" text, "name" text, "description" text, "brand" text, "category" text, "price_retail" integer, "currency_iso" character varying, "url" text, "created_at" timestamp NOT NULL, "updated_at" timestamp NOT NULL) [0m
  [1m[35mSQL (0.9ms)[0m  INSERT INTO "schema_migrations" ("version") VALUES ($1)  [["version", "20150526201456"]]
  [1m[36m (1.0ms)[0m  [1mCOMMIT[0m
  [1m[35mActiveRecord::SchemaMigration Load (0.9ms)[0m  SELECT "schema_migrations".* FROM "schema_migrations"
  [1m[36m (4.8ms)[0m  [1mSELECT t2.oid::regclass::text AS to_table, a1.attname AS column, a2.attname AS primary_key, c.conname AS name, c.confupdtype AS on_update, c.confdeltype AS on_delete
FROM pg_constraint c
JOIN pg_class t1 ON c.conrelid = t1.oid
JOIN pg_class t2 ON c.confrelid = t2.oid
JOIN pg_attribute a1 ON a1.attnum = c.conkey[1] AND a1.attrelid = t1.oid
JOIN pg_attribute a2 ON a2.attnum = c.confkey[1] AND a2.attrelid = t2.oid
JOIN pg_namespace t3 ON c.connamespace = t3.oid
WHERE c.contype = 'f'
  AND t1.relname = 'products'
  AND t3.nspname = ANY (current_schemas(false))
ORDER BY c.conname
[0m


Started GET "/" for ::1 at 2015-05-26 21:22:09 +0100
  [1m[36mActiveRecord::SchemaMigration Load (0.9ms)[0m  [1mSELECT "schema_migrations".* FROM "schema_migrations"[0m
Processing by Rails::WelcomeController#index as HTML
  Rendered /Users/MacBookPro/.rbenv/versions/2.2.1/lib/ruby/gems/2.2.0/gems/railties-4.2.1/lib/rails/templates/rails/welcome/index.html.erb (22.9ms)
Completed 200 OK in 92ms (Views: 79.0ms | ActiveRecord: 0.0ms)


Started GET "/products" for ::1 at 2015-05-26 21:22:25 +0100
Processing by ProductsController#index as HTML
  [1m[35mProduct Load (12.8ms)[0m  SELECT "products".* FROM "products"
  Rendered products/index.html.erb within layouts/application (17.2ms)
Completed 200 OK in 2178ms (Views: 2161.1ms | ActiveRecord: 14.0ms)


Started GET "/assets/products.self-e3b0c44298fc1c149afbf4c8996fb92427ae41e4649b934ca495991b7852b855.css?body=1" for ::1 at 2015-05-26 21:22:27 +0100


Started GET "/assets/scaffolds.self-56593234c06de60a732bc8713877f0b6c8eb33dd4cb8fd8dc6c21d724f870a53.css?body=1" for ::1 at 2015-05-26 21:22:27 +0100


Started GET "/assets/products.self-877aef30ae1b040ab8a3aba4e3e309a11d7f2612f44dde450b5c157aa5f95c05.js?body=1" for ::1 at 2015-05-26 21:22:27 +0100


Started GET "/products/new" for ::1 at 2015-05-26 21:22:40 +0100
Processing by ProductsController#new as HTML
  Rendered products/_form.html.erb (165.5ms)
  Rendered products/new.html.erb within layouts/application (191.8ms)
Completed 200 OK in 283ms (Views: 265.7ms | ActiveRecord: 2.9ms)


Started GET "/products" for ::1 at 2015-05-26 21:23:07 +0100
Processing by ProductsController#index as HTML
  [1m[36mProduct Load (0.8ms)[0m  [1mSELECT "products".* FROM "products"[0m
  Rendered products/index.html.erb within layouts/application (2.6ms)
Completed 200 OK in 37ms (Views: 35.6ms | ActiveRecord: 0.8ms)


Started GET "/products/new" for ::1 at 2015-05-26 21:23:10 +0100
Processing by ProductsController#new as HTML
  Rendered products/_form.html.erb (3.7ms)
  Rendered products/new.html.erb within layouts/application (6.1ms)
Completed 200 OK in 40ms (Views: 39.5ms | ActiveRecord: 0.0ms)


Started GET "/" for ::1 at 2015-05-26 23:20:50 +0100
  [1m[36mActiveRecord::SchemaMigration Load (1.1ms)[0m  [1mSELECT "schema_migrations".* FROM "schema_migrations"[0m
Processing by Rails::WelcomeController#index as HTML
  Rendered /Users/MacBookPro/.rbenv/versions/2.2.1/lib/ruby/gems/2.2.0/gems/railties-4.2.1/lib/rails/templates/rails/welcome/index.html.erb (3.8ms)
Completed 200 OK in 84ms (Views: 72.5ms | ActiveRecord: 0.0ms)


Started GET "/products" for ::1 at 2015-05-26 23:21:05 +0100
Processing by ProductsController#index as HTML
  [1m[35mProduct Load (0.9ms)[0m  SELECT "products".* FROM "products"
  Rendered products/index.html.erb within layouts/application (4.7ms)
Completed 200 OK in 362ms (Views: 334.8ms | ActiveRecord: 2.0ms)


Started GET "/products/new" for ::1 at 2015-05-26 23:21:17 +0100
Processing by ProductsController#new as HTML
  Rendered products/_form.html.erb (118.5ms)
  Rendered products/new.html.erb within layouts/application (143.9ms)
Completed 200 OK in 231ms (Views: 217.2ms | ActiveRecord: 4.0ms)


Started GET "/products" for ::1 at 2015-05-26 23:21:24 +0100
Processing by ProductsController#index as HTML
  [1m[36mProduct Load (0.4ms)[0m  [1mSELECT "products".* FROM "products"[0m
  Rendered products/index.html.erb within layouts/application (1.9ms)
Completed 200 OK in 36ms (Views: 34.4ms | ActiveRecord: 0.4ms)


Started GET "/products" for ::1 at 2015-05-26 23:21:29 +0100
Processing by ProductsController#index as HTML
  [1m[35mProduct Load (0.5ms)[0m  SELECT "products".* FROM "products"
  Rendered products/index.html.erb within layouts/application (1.6ms)
Completed 200 OK in 37ms (Views: 35.7ms | ActiveRecord: 0.5ms)


Started GET "/assets/products.self-e3b0c44298fc1c149afbf4c8996fb92427ae41e4649b934ca495991b7852b855.css?body=1" for ::1 at 2015-05-26 23:21:29 +0100


Started GET "/assets/application.self-e80e8f2318043e8af94dddc2adad5a4f09739a8ebb323b3ab31cd71d45fd9113.css?body=1" for ::1 at 2015-05-26 23:21:29 +0100


Started GET "/assets/scaffolds.self-56593234c06de60a732bc8713877f0b6c8eb33dd4cb8fd8dc6c21d724f870a53.css?body=1" for ::1 at 2015-05-26 23:21:29 +0100


Started GET "/assets/jquery_ujs.self-8e98a7a072a6cee1372d19fff9ff3e6aa1e39a37d89d6f06861637d061113ee7.js?body=1" for ::1 at 2015-05-26 23:21:29 +0100


Started GET "/assets/turbolinks.self-c37727e9bd6b2735da5c311aa83fead54ed0be6cc8bd9a65309e9c5abe2cbfff.js?body=1" for ::1 at 2015-05-26 23:21:29 +0100


Started GET "/assets/jquery.self-d03a5518f45df77341bdbe6201ba3bfa547ebba8ed64f0ea56bfa5f96ea7c074.js?body=1" for ::1 at 2015-05-26 23:21:29 +0100


Started GET "/assets/products.self-877aef30ae1b040ab8a3aba4e3e309a11d7f2612f44dde450b5c157aa5f95c05.js?body=1" for ::1 at 2015-05-26 23:21:29 +0100


Started GET "/assets/application.self-3b8dabdc891efe46b9a144b400ad69e37d7e5876bdc39dee783419a69d7ca819.js?body=1" for ::1 at 2015-05-26 23:21:29 +0100


Started GET "/products/new" for ::1 at 2015-05-26 23:21:53 +0100
Processing by ProductsController#new as HTML
  Rendered products/_form.html.erb (3.6ms)
  Rendered products/new.html.erb within layouts/application (6.3ms)
Completed 200 OK in 47ms (Views: 45.6ms | ActiveRecord: 0.0ms)


Started POST "/products" for ::1 at 2015-05-26 23:22:52 +0100
Processing by ProductsController#create as HTML
  Parameters: {"utf8"=>"✓", "authenticity_token"=>"KT3MirL6PZbETmfYweu7mGVuk0Jnwjf7QWFttKlYOsz3jzpSz6I7/8fNDj5/oFj6oyi8avuhqvLRgJVgL/is2A==", "product"=>{"image"=>"", "name"=>"face wash", "description"=>"gooo", "brand"=>"thank", "category"=>"detyuui,k", "price_retail"=>"-2", "currency_iso"=>"$", "url"=>""}, "commit"=>"Create Product"}
  [1m[36m (0.2ms)[0m  [1mBEGIN[0m
  [1m[35mSQL (29.3ms)[0m  INSERT INTO "products" ("image", "name", "description", "brand", "category", "price_retail", "currency_iso", "url", "created_at", "updated_at") VALUES ($1, $2, $3, $4, $5, $6, $7, $8, $9, $10) RETURNING "id"  [["image", ""], ["name", "face wash"], ["description", "gooo"], ["brand", "thank"], ["category", "detyuui,k"], ["price_retail", -2], ["currency_iso", "$"], ["url", ""], ["created_at", "2015-05-26 22:22:52.526073"], ["updated_at", "2015-05-26 22:22:52.526073"]]
  [1m[36m (0.8ms)[0m  [1mCOMMIT[0m
Redirected to http://localhost:3000/products/1
Completed 302 Found in 60ms (ActiveRecord: 30.5ms)


Started GET "/products/1" for ::1 at 2015-05-26 23:22:52 +0100
Processing by ProductsController#show as HTML
  Parameters: {"id"=>"1"}
  [1m[35mProduct Load (22.7ms)[0m  SELECT  "products".* FROM "products" WHERE "products"."id" = $1 LIMIT 1  [["id", 1]]
  [1m[36mCACHE (0.0ms)[0m  [1mSELECT  "products".* FROM "products" WHERE "products"."id" = $1 LIMIT 1[0m  [["id", "1"]]
  Rendered products/show.html.erb within layouts/application (1.6ms)
Completed 200 OK in 116ms (Views: 45.6ms | ActiveRecord: 22.7ms)


Started GET "/products" for ::1 at 2015-05-26 23:23:01 +0100
Processing by ProductsController#index as HTML
  [1m[35mProduct Load (0.4ms)[0m  SELECT "products".* FROM "products"
  Rendered products/index.html.erb within layouts/application (1.8ms)
Completed 200 OK in 51ms (Views: 49.3ms | ActiveRecord: 0.4ms)


Started GET "/products/new" for ::1 at 2015-05-26 23:23:29 +0100
Processing by ProductsController#new as HTML
  Rendered products/_form.html.erb (4.3ms)
  Rendered products/new.html.erb within layouts/application (6.6ms)
Completed 200 OK in 50ms (Views: 49.0ms | ActiveRecord: 0.0ms)


Started GET "/products" for ::1 at 2015-05-26 23:23:34 +0100
Processing by ProductsController#index as HTML
  [1m[36mProduct Load (0.4ms)[0m  [1mSELECT "products".* FROM "products"[0m
  Rendered products/index.html.erb within layouts/application (1.9ms)
Completed 200 OK in 46ms (Views: 44.8ms | ActiveRecord: 0.4ms)


Started GET "/products/1/edit" for ::1 at 2015-05-26 23:23:37 +0100
Processing by ProductsController#edit as HTML
  Parameters: {"id"=>"1"}
  [1m[35mProduct Load (0.5ms)[0m  SELECT  "products".* FROM "products" WHERE "products"."id" = $1 LIMIT 1  [["id", 1]]
  Rendered products/_form.html.erb (5.3ms)
  Rendered products/edit.html.erb within layouts/application (10.2ms)
Completed 200 OK in 105ms (Views: 103.0ms | ActiveRecord: 0.5ms)


Started PATCH "/products/1" for ::1 at 2015-05-26 23:23:53 +0100
Processing by ProductsController#update as HTML
  Parameters: {"utf8"=>"✓", "authenticity_token"=>"6lej/kyAZL4XHq0hJ+RFKOivI9YFP9raqxb6v2kfQfg05VUmMdhi1xSdxMeZr6ZKLukM/plcR9M79wJr77/X7A==", "product"=>{"image"=>"", "name"=>"face wash", "description"=>"gooo", "brand"=>"thank", "category"=>"efw", "price_retail"=>"-2", "currency_iso"=>"$", "url"=>""}, "commit"=>"Update Product", "id"=>"1"}
  [1m[36mProduct Load (0.6ms)[0m  [1mSELECT  "products".* FROM "products" WHERE "products"."id" = $1 LIMIT 1[0m  [["id", 1]]
  [1m[35m (0.3ms)[0m  BEGIN
  [1m[36mSQL (5.0ms)[0m  [1mUPDATE "products" SET "category" = $1, "updated_at" = $2 WHERE "products"."id" = $3[0m  [["category", "efw"], ["updated_at", "2015-05-26 22:23:53.174959"], ["id", 1]]
  [1m[35m (1.5ms)[0m  COMMIT
Redirected to http://localhost:3000/products/1
Completed 302 Found in 49ms (ActiveRecord: 7.3ms)


Started GET "/products/1" for ::1 at 2015-05-26 23:23:53 +0100
Processing by ProductsController#show as HTML
  Parameters: {"id"=>"1"}
  [1m[36mProduct Load (0.5ms)[0m  [1mSELECT  "products".* FROM "products" WHERE "products"."id" = $1 LIMIT 1[0m  [["id", 1]]
  [1m[35mCACHE (0.0ms)[0m  SELECT  "products".* FROM "products" WHERE "products"."id" = $1 LIMIT 1  [["id", "1"]]
  Rendered products/show.html.erb within layouts/application (0.5ms)
Completed 200 OK in 46ms (Views: 42.5ms | ActiveRecord: 0.5ms)


Started GET "/products" for ::1 at 2015-05-26 23:23:58 +0100
Processing by ProductsController#index as HTML
  [1m[36mProduct Load (0.8ms)[0m  [1mSELECT "products".* FROM "products"[0m
  Rendered products/index.html.erb within layouts/application (3.4ms)
Completed 200 OK in 62ms (Views: 60.2ms | ActiveRecord: 0.8ms)


Started GET "/products/1" for ::1 at 2015-05-27 08:52:23 +0100
Processing by ProductsController#show as HTML
  Parameters: {"id"=>"1"}
  [1m[35mProduct Load (0.8ms)[0m  SELECT  "products".* FROM "products" WHERE "products"."id" = $1 LIMIT 1  [["id", 1]]
  [1m[36mCACHE (0.0ms)[0m  [1mSELECT  "products".* FROM "products" WHERE "products"."id" = $1 LIMIT 1[0m  [["id", "1"]]
  Rendered products/show.html.erb within layouts/application (1.6ms)
Completed 200 OK in 119ms (Views: 114.7ms | ActiveRecord: 0.8ms)


Started GET "/products" for ::1 at 2015-05-27 08:52:26 +0100
Processing by ProductsController#index as HTML
  [1m[35mProduct Load (0.5ms)[0m  SELECT "products".* FROM "products"
  Rendered products/index.html.erb within layouts/application (2.3ms)
Completed 200 OK in 76ms (Views: 74.8ms | ActiveRecord: 0.5ms)


Started GET "/products/new" for ::1 at 2015-05-27 08:52:28 +0100
Processing by ProductsController#new as HTML
  Rendered products/_form.html.erb (4.1ms)
  Rendered products/new.html.erb within layouts/application (7.7ms)
Completed 200 OK in 80ms (Views: 79.7ms | ActiveRecord: 0.0ms)
